Removed Pin From Net: NetName=GND Pin=S2-1
Removed Pin From Net: NetName=GND Pin=S2-2
Removed Pin From Net: NetName=GND Pin=S2-3
Removed Pin From Net: NetName=GND Pin=S2-4
Removed Pin From Net: NetName=GND Pin=S2-5
Removed Pin From Net: NetName=GND Pin=S2-6
Removed Pin From Net: NetName=GND Pin=S2-7
Removed Pin From Net: NetName=GND Pin=S2-8
Removed Pin From Net: NetName=6P4V2 Pin=S2-9
Removed Pin From Net: NetName=6P4V1 Pin=S2-10
Removed Pin From Net: NetName=3P2V Pin=S2-11
Removed Pin From Net: NetName=1P6V Pin=S2-12
Removed Pin From Net: NetName=0P8V Pin=S2-13
Removed Pin From Net: NetName=0P4V Pin=S2-14
Removed Pin From Net: NetName=0P2V Pin=S2-15
Removed Pin From Net: NetName=0P1V Pin=S2-16
Added Pin To Net: NetName=0P1V Pin=S2-1
Added Pin To Net: NetName=0P2V Pin=S2-2
Added Pin To Net: NetName=0P4V Pin=S2-3
Added Pin To Net: NetName=0P8V Pin=S2-4
Added Pin To Net: NetName=1P6V Pin=S2-5
Added Pin To Net: NetName=3P2V Pin=S2-6
Added Pin To Net: NetName=6P4V1 Pin=S2-7
Added Pin To Net: NetName=6P4V2 Pin=S2-8
Added Pin To Net: NetName=GND Pin=S2-9
Added Pin To Net: NetName=GND Pin=S2-10
Added Pin To Net: NetName=GND Pin=S2-11
Added Pin To Net: NetName=GND Pin=S2-12
Added Pin To Net: NetName=GND Pin=S2-13
Added Pin To Net: NetName=GND Pin=S2-14
Added Pin To Net: NetName=GND Pin=S2-15
Added Pin To Net: NetName=GND Pin=S2-16
Added Room: Name=LDO
