Added Component: Designator=C4(1608[0603])
Added Component: Designator=C5(6-0805_N)
Added Component: Designator=C6(6-0805_N)
Added Component: Designator=C7(6-0805_N)
Added Component: Designator=C8(6-0805_N)
Added Component: Designator=C9(6-0805_N)
Added Component: Designator=D1(6-0805_N)
Added Component: Designator=R1(1608[0603])
Added Component: Designator=R2(1608[0603])
Added Component: Designator=R3(6-0805_N)
Added Component: Designator=S1(DPDT-6)
Added Component: Designator=S2(DIP-16-KEY)
Added Component: Designator=U1(RGW 5-mm x 5-mm QFN-20)
Added Component: Designator=U2(RGW20_3P15X3P15)
Added Pin To Net: NetName=GND Pin=C5-1
Added Pin To Net: NetName=GND Pin=C6-1
Added Pin To Net: NetName=GND Pin=C7-1
Added Pin To Net: NetName=GND Pin=C8-1
Added Pin To Net: NetName=GND Pin=C9-1
Added Pin To Net: NetName=GND Pin=D1-2
Added Pin To Net: NetName=GND Pin=R2-1
Added Pin To Net: NetName=GND Pin=S2-1
Added Pin To Net: NetName=GND Pin=S2-2
Added Pin To Net: NetName=GND Pin=S2-3
Added Pin To Net: NetName=GND Pin=S2-4
Added Pin To Net: NetName=GND Pin=S2-5
Added Pin To Net: NetName=GND Pin=S2-6
Added Pin To Net: NetName=GND Pin=S2-7
Added Pin To Net: NetName=GND Pin=S2-8
Added Net: Name=GND
Added Pin To Net: NetName=NetC4_1 Pin=C4-1
Added Pin To Net: NetName=NetC4_1 Pin=R1-1
Added Pin To Net: NetName=NetC4_1 Pin=R2-2
Added Pin To Net: NetName=NetC4_1 Pin=S1-3
Added Net: Name=NetC4_1
Added Pin To Net: NetName=NetD1_1 Pin=D1-1
Added Pin To Net: NetName=NetD1_1 Pin=R3-1
Added Net: Name=NetD1_1
Added Pin To Net: NetName=NetR3_2 Pin=R3-2
Added Pin To Net: NetName=NetR3_2 Pin=S1-4
Added Net: Name=NetR3_2
Added Pin To Net: NetName=SENSE/FB Pin=S1-1
Added Pin To Net: NetName=SENSE/FB Pin=U1-3
Added Net: Name=SENSE/FB
Added Pin To Net: NetName=VIN+ Pin=S1-5
Added Net: Name=VIN+
Added Pin To Net: NetName=VOUT+ Pin=C4-2
Added Pin To Net: NetName=VOUT+ Pin=C5-2
Added Pin To Net: NetName=VOUT+ Pin=C6-2
Added Pin To Net: NetName=VOUT+ Pin=C7-2
Added Pin To Net: NetName=VOUT+ Pin=C8-2
Added Pin To Net: NetName=VOUT+ Pin=C9-2
Added Pin To Net: NetName=VOUT+ Pin=R1-2
Added Pin To Net: NetName=VOUT+ Pin=S1-2
Added Pin To Net: NetName=VOUT+ Pin=U1-15
Added Net: Name=VOUT+
Added Class: Name=LDO
Added Room: Name=LDO
